Build started 11/12/2015 2:04:02 PM.
     1>Project "D:\OpenCV\SPM_LLC\SPM_LLC\SPM_LLC.vcxproj" on node 2 (build target(s)).
     1>InitializeBuildStatus:
         Creating "Debug\SPM_LLC.unsuccessfulbuild" because "AlwaysCreate" was specified.
       ClCompile:
         c:\Program Files (x86)\Microsoft Visual Studio 10.0\VC\bin\CL.exe /c /IC:\opencv\build\x86\vc10\..\..\include /IC:\eigen /ZI /nologo /W3 /WX- /Od /Oy- /D _MBCS /Gm /EHsc /RTC1 /MDd /GS /fp:precise /Zc:wchar_t /Zc:forScope /Fo"Debug\\" /Fd"Debug\vc100.pdb" /Gd /TP /analyze- /errorReport:prompt main.cpp
         main.cpp
     1>d:\opencv\spm_llc\spm_llc\main.cpp(21): warning C4005: 'MAX_PATH' : macro redefinition
                 c:\program files (x86)\microsoft sdks\windows\v7.0a\include\windef.h(57) : see previous definition of 'MAX_PATH'
     1>d:\opencv\spm_llc\spm_llc\main.cpp(114): warning C4305: 'initializing' : truncation from 'double' to 'float'
     1>d:\opencv\spm_llc\spm_llc\main.cpp(148): warning C4244: 'initializing' : conversion from 'double' to 'float', possible loss of data
     1>d:\opencv\spm_llc\spm_llc\main.cpp(436): warning C4244: 'argument' : conversion from 'double' to 'int', possible loss of data
       Link:
         c:\Program Files (x86)\Microsoft Visual Studio 10.0\VC\bin\link.exe /ERRORREPORT:PROMPT /OUT:"D:\OpenCV\SPM_LLC\Debug\SPM_LLC.exe" /NOLOGO /LIBPATH:C:\opencv\build\x86\vc10\lib /LIBPATH:C:\opencv\build\x86\vc10\bin opencv_calib3d249d.lib opencv_contrib249d.lib opencv_core249d.lib opencv_features2d249d.lib opencv_flann249d.lib opencv_gpu249d.lib opencv_highgui249d.lib opencv_imgproc249d.lib opencv_legacy249d.lib opencv_ml249d.lib opencv_nonfree249d.lib opencv_objdetect249d.lib opencv_ocl249d.lib opencv_photo249d.lib opencv_stitching249d.lib opencv_superres249d.lib opencv_ts249d.lib opencv_video249d.lib opencv_videostab249d.lib kernel32.lib user32.lib gdi32.lib winspool.lib comdlg32.lib advapi32.lib shell32.lib ole32.lib oleaut32.lib uuid.lib odbc32.lib odbccp32.lib /MANIFEST /ManifestFile:"Debug\SPM_LLC.exe.intermediate.manifest" /MANIFESTUAC:"level='asInvoker' uiAccess='false'" /DEBUG /PDB:"D:\OpenCV\SPM_LLC\Debug\SPM_LLC.pdb" /TLBID:1 /DYNAMICBASE /NXCOMPAT /IMPLIB:"D:\OpenCV\SPM_LLC\Debug\SPM_LLC.lib" /MACHINE:X86 Debug\main.obj
         LINK : D:\OpenCV\SPM_LLC\Debug\SPM_LLC.exe not found or not built by the last incremental link; performing full link
         SPM_LLC.vcxproj -> D:\OpenCV\SPM_LLC\Debug\SPM_LLC.exe
       Manifest:
         C:\Program Files (x86)\Microsoft SDKs\Windows\v7.0A\bin\mt.exe /nologo /verbose /outputresource:"D:\OpenCV\SPM_LLC\Debug\SPM_LLC.exe;#1" /manifest Debug\SPM_LLC.exe.intermediate.manifest
       FinalizeBuildStatus:
         Deleting file "Debug\SPM_LLC.unsuccessfulbuild".
         Touching "Debug\SPM_LLC.lastbuildstate".
     1>Done Building Project "D:\OpenCV\SPM_LLC\SPM_LLC\SPM_LLC.vcxproj" (build target(s)).

Build succeeded.

Time Elapsed 00:00:03.79
